# JRE version: Java(TM) SE Runtime Environment (21.0+35) (build 21+35-LTS-2513)
# Java VM: Java HotSpot(TM) 64-Bit Server VM (21+35-LTS-2513, mixed mode, emulated-client, sharing, tiered, compressed oops, compressed class ptrs, g1 gc, windows-amd64)
GC Precious Log:
 CardTable entry size: 512
 Card Set container configuration: InlinePtr #cards 4 size 8 Array Of Cards #cards 16 size 48 Howl #buckets 8 coarsen threshold 3686 Howl Bitmap #cards 512 size 80 coarsen threshold 460 Card regions per heap region 1 cards per card region 4096
 CPUs: 16 total, 16 available
 Memory: 16008M
 Large Page Support: Disabled
 NUMA Support: Disabled
 Compressed Oops: Enabled (Zero based)
 Heap Region Size: 2M
 Heap Min Capacity: 8M
 Heap Initial Capacity: 252M
 Heap Max Capacity: 4004M
 Pre-touch: Disabled
 Parallel Workers: 13
 Concurrent Workers: 3
 Concurrent Refinement Workers: 13
 Periodic GC: Disabled
Heap:
 garbage-first heap   total 122880K, used 82104K [0x0000000705c00000, 0x0000000800000000)
  region size 2048K, 15 young (30720K), 2 survivors (4096K)
 Metaspace       used 76578K, committed 77376K, reserved 1179648K
  class space    used 10911K, committed 11264K, reserved 1048576K
GC Heap History (20 events):
Event: 4.611 GC heap before
{Heap before GC invocations=14 (full 0):
 garbage-first heap   total 79872K, used 63296K [0x0000000705c00000, 0x0000000800000000)
  region size 2048K, 23 young (47104K), 2 survivors (4096K)
 Metaspace       used 49175K, committed 49792K, reserved 1114112K
  class space    used 6572K, committed 6848K, reserved 1048576K
}
Event: 4.617 GC heap after
{Heap after GC invocations=15 (full 0):
 garbage-first heap   total 96256K, used 24180K [0x0000000705c00000, 0x0000000800000000)
  region size 2048K, 3 young (6144K), 3 survivors (6144K)
 Metaspace       used 49175K, committed 49792K, reserved 1114112K
  class space    used 6572K, committed 6848K, reserved 1048576K
}
Event: 5.053 GC heap before
{Heap before GC invocations=15 (full 0):
 garbage-first heap   total 96256K, used 73332K [0x0000000705c00000, 0x0000000800000000)
  region size 2048K, 28 young (57344K), 3 survivors (6144K)
 Metaspace       used 54734K, committed 55360K, reserved 1114112K
  class space    used 7522K, committed 7808K, reserved 1048576K
}
Event: 5.058 GC heap after
{Heap after GC invocations=16 (full 0):
 garbage-first heap   total 96256K, used 25201K [0x0000000705c00000, 0x0000000800000000)
  region size 2048K, 3 young (6144K), 3 survivors (6144K)
 Metaspace       used 54734K, committed 55360K, reserved 1114112K
  class space    used 7522K, committed 7808K, reserved 1048576K
}
Event: 5.548 GC heap before
{Heap before GC invocations=16 (full 0):
 garbage-first heap   total 96256K, used 76401K [0x0000000705c00000, 0x0000000800000000)
  region size 2048K, 28 young (57344K), 3 survivors (6144K)
 Metaspace       used 57458K, committed 58112K, reserved 1114112K
  class space    used 7948K, committed 8256K, reserved 1048576K
}
Event: 5.553 GC heap after
{Heap after GC invocations=17 (full 0):
 garbage-first heap   total 96256K, used 26001K [0x0000000705c00000, 0x0000000800000000)
  region size 2048K, 3 young (6144K), 3 survivors (6144K)
 Metaspace       used 57458K, committed 58112K, reserved 1114112K
  class space    used 7948K, committed 8256K, reserved 1048576K
}
Event: 6.323 GC heap before
{Heap before GC invocations=17 (full 0):
 garbage-first heap   total 96256K, used 75153K [0x0000000705c00000, 0x0000000800000000)
  region size 2048K, 28 young (57344K), 3 survivors (6144K)
 Metaspace       used 62273K, committed 62912K, reserved 1114112K
  class space    used 8605K, committed 8896K, reserved 1048576K
}
Event: 6.329 GC heap after
{Heap after GC invocations=18 (full 0):
 garbage-first heap   total 96256K, used 27505K [0x0000000705c00000, 0x0000000800000000)
  region size 2048K, 3 young (6144K), 3 survivors (6144K)
 Metaspace       used 62273K, committed 62912K, reserved 1114112K
  class space    used 8605K, committed 8896K, reserved 1048576K
}
Event: 6.840 GC heap before
{Heap before GC invocations=18 (full 0):
 garbage-first heap   total 96256K, used 76657K [0x0000000705c00000, 0x0000000800000000)
  region size 2048K, 28 young (57344K), 3 survivors (6144K)
 Metaspace       used 66193K, committed 66880K, reserved 1114112K
  class space    used 9371K, committed 9664K, reserved 1048576K
}
Event: 6.848 GC heap after
{Heap after GC invocations=19 (full 0):
 garbage-first heap   total 96256K, used 29997K [0x0000000705c00000, 0x0000000800000000)
  region size 2048K, 3 young (6144K), 3 survivors (6144K)
 Metaspace       used 66193K, committed 66880K, reserved 1114112K
  class space    used 9371K, committed 9664K, reserved 1048576K
}
Event: 7.221 GC heap before
{Heap before GC invocations=19 (full 0):
 garbage-first heap   total 96256K, used 75053K [0x0000000705c00000, 0x0000000800000000)
  region size 2048K, 26 young (53248K), 3 survivors (6144K)
 Metaspace       used 68259K, committed 68928K, reserved 1114112K
  class space    used 9647K, committed 9920K, reserved 1048576K
}
Event: 7.226 GC heap after
{Heap after GC invocations=20 (full 0):
 garbage-first heap   total 96256K, used 32997K [0x0000000705c00000, 0x0000000800000000)
  region size 2048K, 4 young (8192K), 4 survivors (8192K)
 Metaspace       used 68259K, committed 68928K, reserved 1114112K
  class space    used 9647K, committed 9920K, reserved 1048576K
}
Event: 7.522 GC heap before
{Heap before GC invocations=21 (full 0):
 garbage-first heap   total 96256K, used 80101K [0x0000000705c00000, 0x0000000800000000)
  region size 2048K, 27 young (55296K), 4 survivors (8192K)
 Metaspace       used 69444K, committed 70144K, reserved 1114112K
  class space    used 9923K, committed 10240K, reserved 1048576K
}
Event: 7.529 GC heap after
{Heap after GC invocations=22 (full 0):
 garbage-first heap   total 96256K, used 34371K [0x0000000705c00000, 0x0000000800000000)
  region size 2048K, 3 young (6144K), 3 survivors (6144K)
 Metaspace       used 69444K, committed 70144K, reserved 1114112K
  class space    used 9923K, committed 10240K, reserved 1048576K
}
Event: 7.972 GC heap before
{Heap before GC invocations=22 (full 0):
 garbage-first heap   total 96256K, used 79427K [0x0000000705c00000, 0x0000000800000000)
  region size 2048K, 26 young (53248K), 3 survivors (6144K)
 Metaspace       used 71225K, committed 72000K, reserved 1114112K
  class space    used 10142K, committed 10496K, reserved 1048576K
}
Event: 7.980 GC heap after
{Heap after GC invocations=23 (full 0):
 garbage-first heap   total 116736K, used 40082K [0x0000000705c00000, 0x0000000800000000)
  region size 2048K, 4 young (8192K), 4 survivors (8192K)
 Metaspace       used 71225K, committed 72000K, reserved 1114112K
  class space    used 10142K, committed 10496K, reserved 1048576K
}
Event: 8.092 GC heap before
{Heap before GC invocations=23 (full 0):
 garbage-first heap   total 116736K, used 97426K [0x0000000705c00000, 0x0000000800000000)
  region size 2048K, 33 young (67584K), 4 survivors (8192K)
 Metaspace       used 71329K, committed 72128K, reserved 1114112K
  class space    used 10158K, committed 10496K, reserved 1048576K
}
Event: 8.103 GC heap after
{Heap after GC invocations=24 (full 0):
 garbage-first heap   total 122880K, used 55212K [0x0000000705c00000, 0x0000000800000000)
  region size 2048K, 5 young (10240K), 5 survivors (10240K)
 Metaspace       used 71329K, committed 72128K, reserved 1114112K
  class space    used 10158K, committed 10496K, reserved 1048576K
}
Event: 8.654 GC heap before
{Heap before GC invocations=24 (full 0):
 garbage-first heap   total 122880K, used 100268K [0x0000000705c00000, 0x0000000800000000)
  region size 2048K, 28 young (57344K), 5 survivors (10240K)
 Metaspace       used 74753K, committed 75584K, reserved 1114112K
  class space    used 10653K, committed 11008K, reserved 1048576K
}
Event: 8.666 GC heap after
{Heap after GC invocations=25 (full 0):
 garbage-first heap   total 122880K, used 59576K [0x0000000705c00000, 0x0000000800000000)
  region size 2048K, 2 young (4096K), 2 survivors (4096K)
 Metaspace       used 74753K, committed 75584K, reserved 1114112K
  class space    used 10653K, committed 11008K, reserved 1048576K
}

